[debug] [2020-11-15T14:50:29.741Z] ----------------------------------------------------------------------
[debug] [2020-11-15T14:50:29.746Z] Command:       C:\Program Files\nodejs\node.exe C:\Users\karal\AppData\Roaming\npm\node_modules\firebase-tools\bin\firebase init hosting
[debug] [2020-11-15T14:50:29.746Z] CLI Version:   3.16.0
[debug] [2020-11-15T14:50:29.746Z] Platform:      win32
[debug] [2020-11-15T14:50:29.746Z] Node Version:  v12.18.3
[debug] [2020-11-15T14:50:29.747Z] Time:          Sun Nov 15 2020 20:20:29 GMT+0530 (India Standard Time)
[debug] [2020-11-15T14:50:29.747Z] ----------------------------------------------------------------------
[debug] 
[debug] [2020-11-15T14:50:29.756Z] > command requires scopes: ["email","openid","https://www.googleapis.com/auth/cloudplatformprojects.readonly","https://www.googleapis.com/auth/firebase"]
[debug] [2020-11-15T14:50:29.756Z] > authorizing via signed-in user
[info] 
     ######## #### ########  ######## ########     ###     ######  ########
     ##        ##  ##     ## ##       ##     ##  ##   ##  ##       ##
     ######    ##  ########  ######   ########  #########  ######  ######
     ##        ##  ##    ##  ##       ##     ## ##     ##       ## ##
     ##       #### ##     ## ######## ########  ##     ##  ######  ########

You're about to initialize a Firebase project in this directory:

  C:\Users\karal\OneDrive\Desktop\Canded

[info] 
=== Project Setup
[info] 
[info] First, let's associate this project directory with a Firebase project.
[info] You can create multiple project aliases by running firebase use --add, 
[info] but for now we'll just set up a default project.
[info] 
[debug] [2020-11-15T14:50:31.468Z] >>> HTTP REQUEST GET https://admin.firebase.com/v1/projects  
  
 Sun Nov 15 2020 20:20:31 GMT+0530 (India Standard Time)
[debug] [2020-11-15T14:50:53.540Z] Error: connect ETIMEDOUT 104.197.85.31:443
    at TCPConnectWrap.afterConnect [as oncomplete] (net.js:1141:16)
[error] 
[error] Error: Server Error. connect ETIMEDOUT 104.197.85.31:443
